<?xml version="1.0" encoding="UTF-8"?>
<!-- Generated by org.testng.reporters.JUnitXMLReporter -->
<testsuite ignored="2" hostname="MAA-5CG2203Z57" failures="1" tests="1" name="Default test" time="0.07" errors="0" timestamp="2025-04-29T21:39:13 IST">
  <testcase classname="com.testng.TestNG_Projects" name="browser" time="0.024">
    <failure type="org.testng.internal.thread.ThreadTimeoutException" message="Method com.testng.TestNG_Projects.browser() didn&amp;apos;t finish within the time-out 1">
      <![CDATA[org.testng.internal.thread.ThreadTimeoutException: Method com.testng.TestNG_Projects.browser() didn't finish within the time-out 1
at java.base@16.0.2/jdk.internal.org.objectweb.asm.ClassReader.readUtf(ClassReader.java:3716)
at java.base@16.0.2/jdk.internal.org.objectweb.asm.ClassReader.readUtf(ClassReader.java:3685)
at java.base@16.0.2/jdk.internal.org.objectweb.asm.ClassReader.readUTF8(ClassReader.java:3666)
at java.base@16.0.2/jdk.internal.org.objectweb.asm.ClassReader.readConst(ClassReader.java:3841)
at java.base@16.0.2/java.lang.invoke.MethodHandles$Lookup$ClassFile.newInstance(MethodHandles.java:2264)
at java.base@16.0.2/java.lang.invoke.MethodHandles$Lookup.makeHiddenClassDefiner(MethodHandles.java:2366)
at java.base@16.0.2/java.lang.invoke.MethodHandles$Lookup.defineHiddenClass(MethodHandles.java:2133)
at java.base@16.0.2/java.lang.invoke.InnerClassLambdaMetafactory.generateInnerClass(InnerClassLambdaMetafactory.java:409)
at java.base@16.0.2/java.lang.invoke.InnerClassLambdaMetafactory.spinInnerClass(InnerClassLambdaMetafactory.java:304)
at java.base@16.0.2/java.lang.invoke.InnerClassLambdaMetafactory.buildCallSite(InnerClassLambdaMetafactory.java:218)
at java.base@16.0.2/java.lang.invoke.LambdaMetafactory.metafactory(LambdaMetafactory.java:328)
at java.base@16.0.2/java.lang.invoke.LambdaForm$DMH/0x0000000800178400.invokeStatic(LambdaForm$DMH)
at java.base@16.0.2/java.lang.invoke.Invokers$Holder.invokeExact_MT(Invokers$Holder)
at java.base@16.0.2/java.lang.invoke.BootstrapMethodInvoker.invoke(BootstrapMethodInvoker.java:127)
at java.base@16.0.2/java.lang.invoke.CallSite.makeSite(CallSite.java:315)
at java.base@16.0.2/java.lang.invoke.MethodHandleNatives.linkCallSiteImpl(MethodHandleNatives.java:281)
at java.base@16.0.2/java.lang.invoke.MethodHandleNatives.linkCallSite(MethodHandleNatives.java:271)
at java.logging@16.0.2/java.util.logging.Level$KnownLevel.add(Level.java:636)
at java.logging@16.0.2/java.util.logging.Level.<init>(Level.java:248)
at java.logging@16.0.2/java.util.logging.Level.<init>(Level.java:233)
at java.logging@16.0.2/java.util.logging.Level.<clinit>(Level.java:114)
at java.logging@16.0.2/java.util.logging.Logger.<clinit>(Logger.java:224)
at app//org.openqa.selenium.remote.RemoteWebDriver.<clinit>(RemoteWebDriver.java:95)
at app//com.testng.TestNG_Projects.browser(TestNG_Projects.java:33)
at java.base@16.0.2/jdk.internal.reflect.NativeMethodAccessorImpl.invoke0(Native Method)
at java.base@16.0.2/jdk.internal.reflect.NativeMethodAccessorImpl.invoke(NativeMethodAccessorImpl.java:78)
at java.base@16.0.2/jdk.internal.reflect.DelegatingMethodAccessorImpl.invoke(DelegatingMethodAccessorImpl.java:43)
at java.base@16.0.2/java.lang.reflect.Method.invoke(Method.java:567)
at app//org.testng.internal.invokers.MethodInvocationHelper.invokeMethod(MethodInvocationHelper.java:141)
at app//org.testng.internal.invokers.InvokeMethodRunnable.runOne(InvokeMethodRunnable.java:47)
at app//org.testng.internal.invokers.InvokeMethodRunnable.call(InvokeMethodRunnable.java:76)
at app//org.testng.internal.invokers.InvokeMethodRunnable.call(InvokeMethodRunnable.java:11)
at java.base@16.0.2/java.util.concurrent.FutureTask.run(FutureTask.java:264)
at java.base@16.0.2/java.util.concurrent.ThreadPoolExecutor.runWorker(ThreadPoolExecutor.java:1130)
at java.base@16.0.2/java.util.concurrent.ThreadPoolExecutor$Worker.run(ThreadPoolExecutor.java:630)
at java.base@16.0.2/java.lang.Thread.run(Thread.java:831)
]]>
    </failure>
  </testcase> <!-- browser -->
  <testcase classname="com.testng.TestNG_Projects" name="page1" time="0.0">
    <ignored/>
  </testcase> <!-- page1 -->
  <testcase classname="com.testng.TestNG_Projects" name="login" time="0.0">
    <ignored/>
  </testcase> <!-- login -->
</testsuite> <!-- Default test -->
